生成启动时间为 2014/12/1 9:34:44。
     1>项目“F:\Code\VC\uibase-g\src\demo\login\login.vcxproj”在节点 3 上(Build 个目标)。
     1>ClCompile:
         D:\Program Files\VS2013\VC\bin\CL.exe /c /I..\..\qui /I..\..\..\deps\wtl /I"d:\Program Files (x86)\Visual Leak Detector\include" /ZI /nologo /W3 /WX- /Od /Oy- /D WIN32 /D _DEBUG /D _WINDOWS /D _USING_V110_SDK71_ /D _UNICODE /D UNICODE /Gm /EHsc /RTC1 /MDd /GS /fp:precise /Zc:wchar_t /Zc:forScope /Fo"..\..\..\build\mtd\login\\" /Fd"..\..\..\build\mtd\login\vc120.pdb" /Gd /TP /analyze- /errorReport:prompt LoginDlg.cpp NewUserDlg.cpp TUIApp.cpp
         TUIApp.cpp
         NewUserDlg.cpp
     1>f:\code\vc\uibase-g\src\qui\ui\htmlayout\value.h(296): warning C4996: 'strncpy': This function or variable may be unsafe. Consider using strncpy_s instead. To disable deprecation, use _CRT_SECURE_NO_WARNINGS. See online help for details.
                 d:\program files\vs2013\vc\include\string.h(195) : 参见“strncpy”的声明
     1>f:\code\vc\uibase-g\src\qui\ui\htmlayout\value.h(297): warning C4996: 'wcsncpy': This function or variable may be unsafe. Consider using wcsncpy_s instead. To disable deprecation, use _CRT_SECURE_NO_WARNINGS. See online help for details.
                 d:\program files\vs2013\vc\include\string.h(323) : 参见“wcsncpy”的声明
         LoginDlg.cpp
     1>f:\code\vc\uibase-g\src\qui\ui\htmlayout\value.h(296): warning C4996: 'strncpy': This function or variable may be unsafe. Consider using strncpy_s instead. To disable deprecation, use _CRT_SECURE_NO_WARNINGS. See online help for details.
                 d:\program files\vs2013\vc\include\string.h(195) : 参见“strncpy”的声明
     1>f:\code\vc\uibase-g\src\qui\ui\htmlayout\value.h(297): warning C4996: 'wcsncpy': This function or variable may be unsafe. Consider using wcsncpy_s instead. To disable deprecation, use _CRT_SECURE_NO_WARNINGS. See online help for details.
                 d:\program files\vs2013\vc\include\string.h(323) : 参见“wcsncpy”的声明
         正在生成代码...
       Link:
         D:\Program Files\VS2013\VC\bin\link.exe /ERRORREPORT:PROMPT /OUT:"..\..\..\bin\mtd\login.exe" /INCREMENTAL /NOLOGO /LIBPATH:..\..\..\lib /LIBPATH:"d:\Program Files (x86)\Visual Leak Detector\lib\Win32" qui.lib zlib.lib kernel32.lib user32.lib gdi32.lib winspool.lib comdlg32.lib advapi32.lib shell32.lib ole32.lib oleaut32.lib uuid.lib odbc32.lib odbccp32.lib /MANIFEST /MANIFESTUAC:"level='asInvoker' uiAccess='false'" /manifest:embed /DEBUG /PDB:"..\..\..\bin\mtd\login.pdb" /SUBSYSTEM:WINDOWS,"5.01" /TLBID:1 /DYNAMICBASE /NXCOMPAT /IMPLIB:"..\..\..\bin\mtd\login.lib" /MACHINE:X86 ..\..\..\build\mtd\login\LoginDlg.obj
         ..\..\..\build\mtd\login\NewUserDlg.obj
         ..\..\..\build\mtd\login\TUIApp.obj
     1>LINK : fatal error LNK1104: 无法打开文件“qui.lib”
     1>已完成生成项目“F:\Code\VC\uibase-g\src\demo\login\login.vcxproj”(Build 个目标)的操作 - 失败。

生成失败。

已用时间 00:00:04.51
