f:\code\vc\uibase-g\build\mt\vc120.pdb
f:\code\vc\uibase-g\build\mt\xzip.obj
f:\code\vc\uibase-g\build\mt\xunzip.obj
f:\code\vc\uibase-g\build\mt\md5.obj
f:\code\vc\uibase-g\build\mt\crijndael.obj
f:\code\vc\uibase-g\build\mt\qconfig.obj
f:\code\vc\uibase-g\build\mt\qapp.obj
f:\code\vc\uibase-g\build\mt\ectrl.obj
f:\code\vc\uibase-g\build\mt\webuicontroller.obj
f:\code\vc\uibase-g\build\mt\webbrowser.obj
f:\code\vc\uibase-g\build\mt\qtime.obj
f:\code\vc\uibase-g\build\mt\stdafx.obj
f:\code\vc\uibase-g\build\mt\qui.obj
f:\code\vc\uibase-g\build\mt\qbuffer.obj
f:\code\vc\uibase-g\build\mt\textfile.obj
f:\code\vc\uibase-g\build\mt\qfile.obj
f:\code\vc\uibase-g\build\mt\inifile.obj
f:\code\vc\uibase-g\build\mt\wxsqlite3.obj
f:\code\vc\uibase-g\build\mt\zlibdata.obj
f:\code\vc\uibase-g\build\mt\qdataende.obj
f:\code\vc\uibase-g\build\mt\cxunzip.obj
f:\code\vc\uibase-g\build\mt\apphelper.obj
f:\code\vc\uibase-g\build\mt\wndshadow.obj
f:\code\vc\uibase-g\build\mt\wndhelper.obj
f:\code\vc\uibase-g\build\mt\qview.obj
f:\code\vc\uibase-g\build\mt\quimgr.obj
f:\code\vc\uibase-g\build\mt\quievent.obj
f:\code\vc\uibase-g\build\mt\qskinui.obj
f:\code\vc\uibase-g\build\mt\qframe.obj
f:\code\vc\uibase-g\build\mt\qform.obj
f:\code\vc\uibase-g\build\mt\qdialog.obj
f:\code\vc\uibase-g\build\mt\webpage.obj
f:\code\vc\uibase-g\build\mt\codec.obj
f:\code\vc\uibase-g\build\mt\rijndael.obj
f:\code\vc\uibase-g\lib\quil_mt.lib
f:\code\vc\uibase-g\src\qui\..\..\lib\quil_mt.lib
f:\code\vc\uibase-g\build\mt\quil.tlog\cl.command.1.tlog
f:\code\vc\uibase-g\build\mt\quil.tlog\cl.read.1.tlog
f:\code\vc\uibase-g\build\mt\quil.tlog\cl.write.1.tlog
f:\code\vc\uibase-g\build\mt\quil.tlog\lib-link.read.1.tlog
f:\code\vc\uibase-g\build\mt\quil.tlog\lib-link.write.1.tlog
f:\code\vc\uibase-g\build\mt\quil.tlog\lib.command.1.tlog
