f:\code\vc\uibase-g\build\mtd\vc120.pdb
f:\code\vc\uibase-g\build\mtd\vc120.idb
f:\code\vc\uibase-g\build\mtd\adler32.obj
f:\code\vc\uibase-g\build\mtd\compress.obj
f:\code\vc\uibase-g\build\mtd\crc32.obj
f:\code\vc\uibase-g\build\mtd\deflate.obj
f:\code\vc\uibase-g\build\mtd\gzio.obj
f:\code\vc\uibase-g\build\mtd\infback.obj
f:\code\vc\uibase-g\build\mtd\inffast.obj
f:\code\vc\uibase-g\build\mtd\inflate.obj
f:\code\vc\uibase-g\build\mtd\inftrees.obj
f:\code\vc\uibase-g\build\mtd\minigzip.obj
f:\code\vc\uibase-g\build\mtd\trees.obj
f:\code\vc\uibase-g\build\mtd\uncompr.obj
f:\code\vc\uibase-g\build\mtd\zlib-dllversion.obj
f:\code\vc\uibase-g\build\mtd\zutil.obj
f:\code\vc\uibase-g\lib\zlib.ilk
f:\code\vc\uibase-g\lib\zlib.dll
f:\code\vc\uibase-g\lib\zlib.pdb
f:\code\vc\uibase-g\lib\zlib.lib
f:\code\vc\uibase-g\lib\zlib.exp
f:\code\vc\uibase-g\build\mtd\..\..\lib\zlib.pdb
f:\code\vc\uibase-g\deps\zlib\..\..\lib\zlib.dll
f:\code\vc\uibase-g\build\mtd\..\..\lib\zlib.ilk
f:\code\vc\uibase-g\build\mtd\zlib.tlog\cl.command.1.tlog
f:\code\vc\uibase-g\build\mtd\zlib.tlog\cl.read.1.tlog
f:\code\vc\uibase-g\build\mtd\zlib.tlog\cl.write.1.tlog
f:\code\vc\uibase-g\build\mtd\zlib.tlog\link.command.1.tlog
f:\code\vc\uibase-g\build\mtd\zlib.tlog\link.read.1.tlog
f:\code\vc\uibase-g\build\mtd\zlib.tlog\link.write.1.tlog
f:\code\vc\uibase-g\build\mtd\zlib.tlog\zlib.write.1u.tlog
