生成启动时间为 2015/3/12 19:26:22。
     1>项目“E:\Code\VC\uibase-g\demo\login\login.vcxproj”在节点 2 上(Build 个目标)。
     1>ClCompile:
         D:\Program Files (x86)\Microsoft Visual Studio 12.0\VC\bin\CL.exe /c /I"E:\Code\VC\uibase-g\src\..\src\\" /I"E:\Code\VC\uibase-g\src\..\deps\\wtl" /I"d:\Program Files (x86)\Visual Leak Detector\include" /Zi /nologo /W3 /WX- /O2 /Oi /Oy- /GL /D WIN32 /D NDEBUG /D _WINDOWS /D _USING_V110_SDK71_ /D _UNICODE /D UNICODE /Gm- /EHsc /MT /GS /Gy /fp:precise /Zc:wchar_t /Zc:forScope /Fo"E:\Code\VC\uibase-g\src\..\obj\mt\login\\" /Fd"E:\Code\VC\uibase-g\src\..\obj\mt\login\\vc120.pdb" /Gd /TP /analyze- /errorReport:prompt LoginDlg.cpp NewUserDlg.cpp TUIApp.cpp
         LoginDlg.cpp
     1>e:\code\vc\uibase-g\src\ui\htmlayout\value.h(296): warning C4996: 'strncpy': This function or variable may be unsafe. Consider using strncpy_s instead. To disable deprecation, use _CRT_SECURE_NO_WARNINGS. See online help for details.
                 D:\Program Files (x86)\Microsoft Visual Studio 12.0\VC\include\string.h(195) : 参见“strncpy”的声明
     1>e:\code\vc\uibase-g\src\ui\htmlayout\value.h(297): warning C4996: 'wcsncpy': This function or variable may be unsafe. Consider using wcsncpy_s instead. To disable deprecation, use _CRT_SECURE_NO_WARNINGS. See online help for details.
                 D:\Program Files (x86)\Microsoft Visual Studio 12.0\VC\include\string.h(323) : 参见“wcsncpy”的声明
         NewUserDlg.cpp
     1>e:\code\vc\uibase-g\src\ui\htmlayout\value.h(296): warning C4996: 'strncpy': This function or variable may be unsafe. Consider using strncpy_s instead. To disable deprecation, use _CRT_SECURE_NO_WARNINGS. See online help for details.
                 D:\Program Files (x86)\Microsoft Visual Studio 12.0\VC\include\string.h(195) : 参见“strncpy”的声明
     1>e:\code\vc\uibase-g\src\ui\htmlayout\value.h(297): warning C4996: 'wcsncpy': This function or variable may be unsafe. Consider using wcsncpy_s instead. To disable deprecation, use _CRT_SECURE_NO_WARNINGS. See online help for details.
                 D:\Program Files (x86)\Microsoft Visual Studio 12.0\VC\include\string.h(323) : 参见“wcsncpy”的声明
         TUIApp.cpp
       Link:
         D:\Program Files (x86)\Microsoft Visual Studio 12.0\VC\bin\link.exe /ERRORREPORT:PROMPT /OUT:"E:\Code\VC\uibase-g\src\..\bin\mt\login.exe" /INCREMENTAL:NO /NOLOGO /LIBPATH:"E:\Code\VC\uibase-g\src\..\lib\\" /LIBPATH:"d:\Program Files (x86)\Visual Leak Detector\lib\Win32" kernel32.lib user32.lib gdi32.lib winspool.lib comdlg32.lib advapi32.lib shell32.lib ole32.lib oleaut32.lib uuid.lib odbc32.lib odbccp32.lib /MANIFEST /MANIFESTUAC:"level='asInvoker' uiAccess='false'" /manifest:embed /DEBUG /PDB:"E:\Code\VC\uibase-g\src\..\bin\mt\login.pdb" /SUBSYSTEM:WINDOWS,"5.01" /OPT:REF /OPT:ICF /LTCG /TLBID:1 /DYNAMICBASE /NXCOMPAT /IMPLIB:"E:\Code\VC\uibase-g\src\..\bin\mt\login.lib" /MACHINE:X86 /SAFESEH "E:\Code\VC\uibase-g\src\..\obj\mt\login\\LoginDlg.obj"
         "E:\Code\VC\uibase-g\src\..\obj\mt\login\\NewUserDlg.obj"
         "E:\Code\VC\uibase-g\src\..\obj\mt\login\\TUIApp.obj"
         正在生成代码
         已完成代码的生成
         login.vcxproj -> E:\Code\VC\uibase-g\src\..\bin\mt\login.exe
     1>已完成生成项目“E:\Code\VC\uibase-g\demo\login\login.vcxproj”(Build 个目标)的操作。

生成成功。

已用时间 00:00:10.04
