f:\code\vc\uibase-g\build\mtd\quil\quil_d.pch
f:\code\vc\uibase-g\build\mtd\quil\vc120.pdb
f:\code\vc\uibase-g\build\mtd\quil\vc120.idb
f:\code\vc\uibase-g\build\mtd\quil\wndshadow.obj
f:\code\vc\uibase-g\build\mtd\quil\wndhelper.obj
f:\code\vc\uibase-g\build\mtd\quil\qview.obj
f:\code\vc\uibase-g\build\mtd\quil\quimgr.obj
f:\code\vc\uibase-g\build\mtd\quil\quievent.obj
f:\code\vc\uibase-g\build\mtd\quil\qskinui.obj
f:\code\vc\uibase-g\build\mtd\quil\qframe.obj
f:\code\vc\uibase-g\build\mtd\quil\qform.obj
f:\code\vc\uibase-g\build\mtd\quil\qdialog.obj
f:\code\vc\uibase-g\build\mtd\quil\qconfig.obj
f:\code\vc\uibase-g\build\mtd\quil\qapp.obj
f:\code\vc\uibase-g\build\mtd\quil\ectrl.obj
f:\code\vc\uibase-g\build\mtd\quil\qtime.obj
f:\code\vc\uibase-g\build\mtd\quil\stdafx.obj
f:\code\vc\uibase-g\build\mtd\quil\qui.obj
f:\code\vc\uibase-g\build\mtd\quil\qbuffer.obj
f:\code\vc\uibase-g\build\mtd\quil\textfile.obj
f:\code\vc\uibase-g\build\mtd\quil\qfile.obj
f:\code\vc\uibase-g\build\mtd\quil\inifile.obj
f:\code\vc\uibase-g\build\mtd\quil\zlibdata.obj
f:\code\vc\uibase-g\build\mtd\quil\qdataende.obj
f:\code\vc\uibase-g\build\mtd\quil\cxunzip.obj
f:\code\vc\uibase-g\build\mtd\quil\apphelper.obj
f:\code\vc\uibase-g\build\mtd\quil\quil_mtd.pch
f:\code\vc\uibase-g\build\mtd\quil\crijndael.obj
f:\code\vc\uibase-g\build\mtd\quil\md5.obj
f:\code\vc\uibase-g\build\mtd\quil\xunzip.obj
f:\code\vc\uibase-g\build\mtd\quil\xzip.obj
f:\code\vc\uibase-g\build\mtd\quil\webbrowser.obj
f:\code\vc\uibase-g\build\mtd\quil\webuicontroller.obj
f:\code\vc\uibase-g\build\mtd\quil\webpage.obj
f:\code\vc\uibase-g\build\mtd\quil\wxsqlite3.obj
f:\code\vc\uibase-g\build\mtd\quil\rijndael.obj
f:\code\vc\uibase-g\build\mtd\quil\codec.obj
f:\code\vc\uibase-g\build\mtd\quil\sqlite3.obj
f:\code\vc\uibase-g\build\mtd\quil\sqlite3secure.obj
f:\code\vc\uibase-g\lib\quil_mtd.lib
f:\code\vc\uibase-g\src\qui\..\..\lib\quil_mtd.lib
f:\code\vc\uibase-g\build\mtd\quil\quil.tlog\cl.command.1.tlog
f:\code\vc\uibase-g\build\mtd\quil\quil.tlog\cl.read.1.tlog
f:\code\vc\uibase-g\build\mtd\quil\quil.tlog\cl.write.1.tlog
f:\code\vc\uibase-g\build\mtd\quil\quil.tlog\lib-link.read.1.tlog
f:\code\vc\uibase-g\build\mtd\quil\quil.tlog\lib-link.write.1.tlog
f:\code\vc\uibase-g\build\mtd\quil\quil.tlog\lib.command.1.tlog
