f:\code\vc\uibase-g\deps\build\mt\vc120.pdb
f:\code\vc\uibase-g\deps\build\mt\zutil.obj
f:\code\vc\uibase-g\deps\build\mt\zlib-dllversion.obj
f:\code\vc\uibase-g\deps\build\mt\uncompr.obj
f:\code\vc\uibase-g\deps\build\mt\trees.obj
f:\code\vc\uibase-g\deps\build\mt\minigzip.obj
f:\code\vc\uibase-g\deps\build\mt\inftrees.obj
f:\code\vc\uibase-g\deps\build\mt\inflate.obj
f:\code\vc\uibase-g\deps\build\mt\inffast.obj
f:\code\vc\uibase-g\deps\build\mt\infback.obj
f:\code\vc\uibase-g\deps\build\mt\gzio.obj
f:\code\vc\uibase-g\deps\build\mt\deflate.obj
f:\code\vc\uibase-g\deps\build\mt\crc32.obj
f:\code\vc\uibase-g\deps\build\mt\compress.obj
f:\code\vc\uibase-g\deps\build\mt\adler32.obj
f:\code\vc\uibase-g\deps\lib\zlib.dll
f:\code\vc\uibase-g\deps\lib\zlib.pdb
f:\code\vc\uibase-g\deps\lib\zlib.lib
f:\code\vc\uibase-g\deps\lib\zlib.exp
f:\code\vc\uibase-g\deps\zlib\..\lib\zlib.dll
f:\code\vc\uibase-g\deps\build\mt\zlib.tlog\cl.command.1.tlog
f:\code\vc\uibase-g\deps\build\mt\zlib.tlog\cl.read.1.tlog
f:\code\vc\uibase-g\deps\build\mt\zlib.tlog\cl.write.1.tlog
f:\code\vc\uibase-g\deps\build\mt\zlib.tlog\link.command.1.tlog
f:\code\vc\uibase-g\deps\build\mt\zlib.tlog\link.read.1.tlog
f:\code\vc\uibase-g\deps\build\mt\zlib.tlog\link.write.1.tlog
f:\code\vc\uibase-g\deps\build\mt\zlib.tlog\zlib.write.1u.tlog
